<testsuite failures="0" name="src/test/java/Citibank/EPP/EPP_Booking.feature" skipped="0" tests="1" time="15.212708">
  <testcase classname="src.test.java.Citibank.EPP.EPP_Booking" name="check monthly payment plan schedule" time="15.212708">
    <system-out>* call read('classpath:reusable.feature') ................................. passed
* def eppBookingPayload = read('classpath:Citibank/EPP/EPP_BookingPayload.json') . passed
* call read('classpath:Citibank/EPP/CardAuthorization.feature') ........... passed
* call read('classpath:Citibank/EPP/CardAuthorizationAccessToken.feature') . passed
* call read('classpath:Citibank/EPP/RefreshAccessToken.feature') .......... passed
* call read('classpath:Citibank/EPP/RevokeToken.feature') ................. passed
* call read('classpath:Citibank/EPP/EPP_Plan.feature') .................... passed
* call read('classpath:Citibank/EPP/EPPMonthlyRepayment.feature') ......... passed
Given url 'https://qa.sandbox.apihub.citi.com/gcb/gp/api/v1/creditCards/'+cardid+'/easyPaymentPlans/bookings' . passed
And header Authorization = access_token ................................... passed
And header client_id = '1ad0185b-50f2-4f21-8ac3-f342e4706e7e' ............. passed
And header uuid = randomString(20) ........................................ passed
And header Accept = 'application/json' .................................... passed
And header Content-Type = 'application/json' .............................. passed
And request eppBookingPayload ............................................. passed
When method post .......................................................... passed
Then status 200 ........................................................... passed
* print response .......................................................... passed
* print '********* EPP Booked *********' .................................. passed</system-out>
  </testcase>
</testsuite>
