<testsuite failures="0" name="src/test/java/Citibank/lop/LOPSummary.feature" skipped="0" tests="1" time="10.377313">
  <testcase classname="src.test.java.Citibank.lop.LOPSummary" name="check LOP Summary Details" time="10.377313">
    <system-out>* call read('classpath:reusable.feature') ................................. passed
* call read('classpath:Citibank/lop/CardAuthorization.feature') ........... passed
* call read('classpath:Citibank/lop/CardAuthorizationAccessToken.feature') . passed
* call read('classpath:Citibank/lop/Loan_Eligibility.feature') ............ passed
* call read('classpath:Citibank/lop/Check_EPP_Plan.feature') .............. passed
* call read('classpath:Citibank/lop/RepaymentSchedule.feature') ........... passed
* call read('classpath:Citibank/lop/LoanBooking.feature') ................. passed
* call read('classpath:Citibank/lop/DisbursmentOption.feature') ........... passed
* call read('classpath:Citibank/lop/BookedLoanRepayment.feature') ......... passed
* call read('classpath:Citibank/lop/E2E_Key.feature') ..................... passed
Given url 'https://sandbox.apihub.citi.com/gcb/api/v1/accounts/'+accountId+'/loans' . passed
And header Authorization = access_token ................................... passed
And header uuid = randomString(20) ........................................ passed
And header Accept = 'application/json' .................................... passed
And header client_id = 'f2f08c14-8e53-4b13-862c-bdf182d46df9' ............. passed
When method get ........................................................... passed
Then status 200 ........................................................... passed
* print response .......................................................... passed
* def SumLoanReferenceId = response.loans[0].loanReferenceId .............. passed
* print SumLoanReferenceId ................................................ passed
* print '********* Summary LoanReferenceId Generated *********' ........... passed</system-out>
  </testcase>
</testsuite>
