<testsuite failures="0" name="src/test/java/Citibank/EPP/CardAuthorizationAccessToken.feature" skipped="0" tests="1" time="3.191274">
  <testcase classname="src.test.java.Citibank.EPP.CardAuthorizationAccessToken" name="fetch access token  using ControlFlowId" time="3.191274">
    <system-out>* call read('classpath:reusable.feature') ................................. passed
* call read('classpath:Citibank/EPP/CardAuthorization.feature') ........... passed
Given url 'https://qa.sandbox.apihub.citi.com/gcb/gp/api/cardAuth/oauth2/token/SG/gcb' . passed
And header Authorization = 'Basic MWFkMDE4NWItNTBmMi00ZjIxLThhYzMtZjM0MmU0NzA2ZTdlOmhBM2lIM2FBOGpDNW9BN2tZN2tCMGZWN3FHMHZKNWdON3BOM3dFM2VYOGlCMmpXNW1E' . passed
And header Content-Type = 'application/x-www-form-urlencoded' ............. passed
And header Accept = 'application/json' .................................... passed
And header uuid = randomString(20) ........................................ passed
And header client_id = '1ad0185b-50f2-4f21-8ac3-f342e4706e7e' ............. passed
And form field grant_type = 'card_authorization' .......................... passed
And form field controlFlowId = ControlflowId1 ............................. passed
And form field linkageConfirmationCode = '987654' ......................... passed
And form field scope = 'epp_booking' ...................................... passed
When method post .......................................................... passed
Then status 200 ........................................................... passed
* print response .......................................................... passed
* match response.token_type == '#string' .................................. passed
* match response.access_token == '#string' ................................ passed
* def tokenType = response.token_type ..................................... passed
* def accessToken = response.access_token ................................. passed
* def access_token = tokenType+' '+accessToken ............................ passed
* def refreshToken = response.refresh_token ............................... passed
* def cardid = response.cardId ............................................ passed
* print 'CardId : '+cardid ................................................ passed
* print access_token ...................................................... passed
* print refreshToken ...................................................... passed
* print '*********AccessTokenGenerated*********' .......................... passed</system-out>
  </testcase>
</testsuite>
