<testsuite failures="0" name="src/test/java/Citibank/Accounts/pointBalanceInquiry.feature" skipped="0" tests="1" time="5.719571">
  <testcase classname="src.test.java.Citibank.Accounts.pointBalanceInquiry" name="Points Balance Inquiry" time="5.719571">
    <system-out>* call read('classpath:reusable.feature') ................................. passed
* call read('classpath:Citibank/Accounts/accessToken.feature') ............ passed
* call read('classpath:Citibank/Accounts/rewardlinkage.feature') .......... passed
* call read('classpath:Citibank/Accounts/rewardLinkageActivation.feature') . passed
Given url 'https://sandbox.apihub.citi.com/gcb/api/v1/apac/rewards/'+rewardLinkCode+'/pointBalance' . passed
And header client_id = 'cf652567-f5be-4d34-a77f-98374ee4b293' ............. passed
And header uuid = randomString(20) ........................................ passed
And header Accept = 'application/json' .................................... passed
And header Content-Type = 'application/json' .............................. passed
And header Authorization = accessToken .................................... passed
When method get ........................................................... passed
Then status 200 ........................................................... passed
* print response .......................................................... passed
And match response.maximumPointsToRedeem == 15000 ......................... passed
And match response.minimumPointsToRedeem == 100 ........................... passed
And match response.currencyCode == 'HKD' .................................. passed</system-out>
  </testcase>
</testsuite>
