<testsuite failures="0" name="src/test/java/Citibank/lop/Repayment.feature" skipped="0" tests="1" time="22.019047">
  <testcase classname="src.test.java.Citibank.lop.Repayment" name="Upcomming next Payment details" time="22.019047">
    <system-out>* call read('classpath:reusable.feature') ................................. passed
* call read('classpath:Citibank/lop/CardAuthorization.feature') ........... passed
* call read('classpath:Citibank/lop/CardAuthorizationAccessToken.feature') . passed
* call read('classpath:Citibank/lop/Loan_Eligibility.feature') ............ passed
* call read('classpath:Citibank/lop/Check_EPP_Plan.feature') .............. passed
* call read('classpath:Citibank/lop/RepaymentSchedule.feature') ........... passed
* call read('classpath:Citibank/lop/LoanBooking.feature') ................. passed
* call read('classpath:Citibank/lop/DisbursmentOption.feature') ........... passed
* call read('classpath:Citibank/lop/BookedLoanRepayment.feature') ......... passed
* call read('classpath:Citibank/lop/E2E_Key.feature') ..................... passed
* call read('classpath:Citibank/lop/ValidateOTP.feature') ................. passed
* call read('classpath:Citibank/lop/LoanBookingConfirmation.feature') ..... passed
* call read('classpath:Citibank/lop/LOPSummary.feature') .................. passed
Given url 'https://sandbox.apihub.citi.com/gcb/api/v1/accounts/loans/'+SumLoanReferenceId+'/repaymentSchedules' . passed
And header Authorization = access_token ................................... passed
And header uuid = randomString(20) ........................................ passed
And header Accept = 'application/json' .................................... passed
And header client_id = 'f2f08c14-8e53-4b13-862c-bdf182d46df9' ............. passed
When method get ........................................................... passed
Then status 200 ........................................................... passed
* print response .......................................................... passed
* match response.amortizationSchedule[0].installmentNumber == '1' ......... passed
* print '********* Upcomming Payments details Generated *********' ........ passed</system-out>
  </testcase>
</testsuite>
