<testsuite failures="0" name="src/test/java/Citibank/lop/CardAuthorization.feature" skipped="0" tests="1" time="3.141165">
  <testcase classname="src.test.java.Citibank.lop.CardAuthorization" name="fetch ControlflowId  from  Citi BANK Sandbox" time="3.141165">
    <system-out>* call read('classpath:reusable.feature') ................................. passed
* def CardAuthRequest = read('classpath:Citibank/lop/CardAuthorizationRequest.json') . passed
Given url 'https://sandbox.apihub.citi.com/gcb/api/cardAuth/oauth2/authorize/sg/gcb' . passed
And header Authorization = 'Basic ZjJmMDhjMTQtOGU1My00YjEzLTg2MmMtYmRmMTgyZDQ2ZGY5Olk4eVAzYk43Z1MzbFEwYUMzd0UwcVkzb0M0Z1Uwa0swc0kxdUk1aEY2d0Y2cUw0a0Ez' . passed
And header Content-Type = 'application/json' .............................. passed
And header Accept = 'application/json' .................................... passed
And header uuid = randomString(20) ........................................ passed
And header client_id = 'f2f08c14-8e53-4b13-862c-bdf182d46df9' ............. passed
And request CardAuthRequest ............................................... passed
When method post .......................................................... passed
Then status 403 ........................................................... passed
* print response .......................................................... passed
* def ControlflowId1 = response.moreInfo.controlFlowId .................... passed
* match ControlflowId1 == '#present' ...................................... passed
* print ControlflowId1 .................................................... passed
* print '*********ControlFlowIdGenerated*********' ........................ passed</system-out>
  </testcase>
</testsuite>
