<testsuite failures="1" name="src/test/java/com/assignment3/karateFWFeature/POST_Password.feature" skipped="0" tests="2" time="3.910014">
  <testcase classname="src.test.java.com.assignment3.karateFWFeature.POST_Password" name="Initiate the Password API with valid fields and verify the Expected Result" time="2.005827">
    <system-out>* call read('classpath:reusable.feature') ................................. passed
* def testData = read('classpath:com/assignment3/karateFW/testdata/testData.json') . passed
* call read('classpath:com/assignment3/karateFWFeature/POST-Client_Credentials.feature@access_token') . passed
Given url testData.baseURI + testData.e2eKey_Resource ..................... passed
And header Authorization = accessToken .................................... passed
And header client_id = testData.client_Id ................................. passed
And header client_secret = testData.client_Secret ......................... passed
And header uuid = randomString(20) ........................................ passed
And header Content-Type = testData.Content_Type_e2eKey .................... passed
And header Accept = testData.accept ....................................... passed
And header countryCode = testData.country_Code ............................ passed
And header businessCode = testData.business_Code .......................... passed
And header channelId = testData.channel_Id ................................ passed
When method get ........................................................... passed
Then status 200 ........................................................... passed
* print response .......................................................... passed
* match response.modulus == '#present' .................................... passed
* match response.exponent == '#string' .................................... passed
* def biz_Token = responseHeaders['bizToken'][0] .......................... passed
* print biz_Token ......................................................... passed
* print '********* Modulus Exponent And bizToken Generated *********' ..... passed</system-out>
  </testcase>
  <testcase classname="src.test.java.com.assignment3.karateFWFeature.POST_Password" name="Initiate the Password API with valid fields and verify the Expected Result" time="1.904187">
    <failure message="POST_Password.feature:44 - status code was: 500, expected: 200, response time: 376, url: https://sandbox.apihub.citi.com/gcb/api/password/oauth2/token/bh/gcb?grant_type=password&amp;scope=%2Fapi&amp;username=SandboxUser1&amp;password=967c2812d7c437b1b8f5dcc887ab64eb24637c9855cc5adeae232c5ae68232802579af2dad68e94c09d3cd6ec3f974e060468150c5ad8c01f39830a723229e8507e9a23433ff273cb6084cf12e838e76e30b2cba1e23ff7be9567726e584f5f442865553df94ddda1ea035e17e3109fcfd9ea3a1d5499a184ca7b79964ca5adfeac59b566f52fb4aa0e7b35983c71b838d16d3dff61715bafde60328e9c5c7fe5ae0e5edc8187d0167206b59df38e718deef822a0499d128d1d6a8464d0871bcdc273658d3c73ebda9c3e348b6e16838942d4630d555ff3ca6569d409b674c37e6b2412e086b644844662dd36fa79acb467207855a39e203552b9f1d2b0e1600, response: {&quot;code&quot;:&quot;serverUnavailable&quot;,&quot;details&quot;:&quot;The request failed due to an internal error&quot;,&quot;type&quot;:&quot;fatal&quot;}">* call read('classpath:reusable.feature') ................................. passed
* def testData = read('classpath:com/assignment3/karateFW/testdata/testData.json') . passed
* call read('classpath:com/assignment3/karateFWFeature/POST-Client_Credentials.feature@access_token') . passed
Given url testData.baseURI + testData.e2eKey_Resource ..................... passed
And header Authorization = accessToken .................................... passed
And header client_id = testData.client_Id ................................. passed
And header client_secret = testData.client_Secret ......................... passed
And header uuid = randomString(20) ........................................ passed
And header Content-Type = testData.Content_Type_e2eKey .................... passed
And header Accept = testData.accept ....................................... passed
And header countryCode = testData.country_Code ............................ passed
And header businessCode = testData.business_Code .......................... passed
And header channelId = testData.channel_Id ................................ passed
When method get ........................................................... passed
Then status 200 ........................................................... passed
* print response .......................................................... passed
* match response.modulus == '#present' .................................... passed
* match response.exponent == '#string' .................................... passed
* def biz_Token = responseHeaders['bizToken'][0] .......................... passed
* print biz_Token ......................................................... passed
* print '********* Modulus Exponent And bizToken Generated *********' ..... passed
* call read('classpath:reusable.feature') ................................. passed
* def testData = read('classpath:com/assignment3/karateFW/testdata/testData.json') . passed
* call read('classpath:com/assignment3/karateFWFeature/POST-Client_Credentials.feature@access_token') . passed
* call read('classpath:com/assignment3/karateFWFeature/POST_Password.feature@e2eKey') . passed
* print testData.baseURI + testData.ResourceOwner_Resource ................ passed
Given url testData.baseURI + testData.ResourceOwner_Resource .............. passed
And header Authorization = testData.base64 ................................ passed
And header Accept = testData.accept ....................................... passed
And header uuid = randomString(20) ........................................ passed
And header BizToken = biz_Token ........................................... passed
And header Content-Type = testData.Content_Type ........................... passed
And form field grant_type = testData.ResourceOwner_Grant_Type ............. passed
And form field scope = testData.Scope ..................................... passed
And form field username = testData.Username ............................... passed
And form field password = testData.encryptedStringPass .................... passed
When method get ........................................................... passed
Then status 200 ........................................................... failed

Stack Trace:
com.intuit.karate.exception.KarateException: POST_Password.feature:44 - status code was: 500, expected: 200, response time: 376, url: https://sandbox.apihub.citi.com/gcb/api/password/oauth2/token/bh/gcb?grant_type=password&amp;scope=%2Fapi&amp;username=SandboxUser1&amp;password=967c2812d7c437b1b8f5dcc887ab64eb24637c9855cc5adeae232c5ae68232802579af2dad68e94c09d3cd6ec3f974e060468150c5ad8c01f39830a723229e8507e9a23433ff273cb6084cf12e838e76e30b2cba1e23ff7be9567726e584f5f442865553df94ddda1ea035e17e3109fcfd9ea3a1d5499a184ca7b79964ca5adfeac59b566f52fb4aa0e7b35983c71b838d16d3dff61715bafde60328e9c5c7fe5ae0e5edc8187d0167206b59df38e718deef822a0499d128d1d6a8464d0871bcdc273658d3c73ebda9c3e348b6e16838942d4630d555ff3ca6569d409b674c37e6b2412e086b644844662dd36fa79acb467207855a39e203552b9f1d2b0e1600, response: {"code":"serverUnavailable","details":"The request failed due to an internal error","type":"fatal"}&#13;
	at ✽.Then status 200 (POST_Password.feature:44)&#13;

* print response .......................................................... skipped
* match response.token_type == '#present' ................................. skipped
* match response.access_token == '#string' ................................ skipped
* def Re_tokenType = response.token_type .................................. skipped
* def Re_accessToken = response.access_token .............................. skipped
* print Re_tokenType ...................................................... skipped
* print Re_accessToken .................................................... skipped
* print '********* Resource Owner AccessToken Generated *********' ........ skipped</failure>
  </testcase>
</testsuite>
