<testsuite failures="0" name="src/test/java/Citibank/lop/E2E_Key.feature" skipped="0" tests="1" time="10.275521">
  <testcase classname="src.test.java.Citibank.lop.E2E_Key" name="Generate modulus and exponent to validate OTP" time="10.275521">
    <system-out>* call read('classpath:reusable.feature') ................................. passed
* call read('classpath:Citibank/lop/CardAuthorization.feature') ........... passed
* call read('classpath:Citibank/lop/CardAuthorizationAccessToken.feature') . passed
* call read('classpath:Citibank/lop/Loan_Eligibility.feature') ............ passed
* call read('classpath:Citibank/lop/Check_EPP_Plan.feature') .............. passed
* call read('classpath:Citibank/lop/RepaymentSchedule.feature') ........... passed
* call read('classpath:Citibank/lop/LoanBooking.feature') ................. passed
* call read('classpath:Citibank/lop/DisbursmentOption.feature') ........... passed
* call read('classpath:Citibank/lop/BookedLoanRepayment.feature') ......... passed
Given url 'https://sandbox.apihub.citi.com/gcb/api/v1/security/e2eKey' .... passed
And header Authorization = access_token ................................... passed
And header uuid = randomString(20) ........................................ passed
And header Accept = 'application/json' .................................... passed
And header client_id = 'f2f08c14-8e53-4b13-862c-bdf182d46df9' ............. passed
When method get ........................................................... passed
Then status 200 ........................................................... passed
* print response .......................................................... passed
* match response.modulus == '#string' ..................................... passed
* match response.exponent == '#string' .................................... passed
* def modulus = response.modulus .......................................... passed
* def exponent = response.exponent ........................................ passed
* print modulus ........................................................... passed
* print exponent .......................................................... passed
* print '********* Modulus and Exponent Generated *********' .............. passed</system-out>
  </testcase>
</testsuite>
